 Fermi distribution function
 
Geometry optimization step: 506
 

********************************************************************************
  iSCC Total electronic   Diff electronic      SCC error    
    4   -0.66226522E+01    0.00000000E+00    0.74421580E-11
********************************************************************************
 
 Coordinates of moved atoms (au):
    2     -2.22781560      1.50964527      0.00000029
    3     -3.69020925      0.38075715     -0.00000061
    4      1.66256915      1.25248602     -0.00000021
    5      0.09277957     -1.23259647      1.69792361
    6      0.09277908     -1.23259640     -1.69792366
 

 Net atomic charges (e)
  Atom       Net charge
     1       0.05240168
     2      -0.45795626
     3       0.30554438
     4       0.05126021
     5       0.02437499
     6       0.02437499
 
 COMPONENT = q
  
 Eigenvalues /H
   -0.86723347
   -0.55322516
   -0.40512332
   -0.35996301
   -0.35354076
   -0.28223578
   -0.23263907
    0.31819832
    0.32262357
    0.35574604
    0.48754323
    0.52422106
 
 Eigenvalues /eV
  -23.59862335
  -15.05402252
  -11.02396650
   -9.79509192
   -9.62033369
   -7.68002631
   -6.33043111
    8.65861691
    8.77903404
    9.68034233
   13.26672629
   14.26478080
 
 Fillings
     2.00000
     2.00000
     2.00000
     2.00000
     2.00000
     2.00000
     2.00000
     0.00000
     0.00000
     0.00000
     0.00000
     0.00000
 
 Nr. of electrons (up):     14.00000000
 Atom populations (up)
  Atom       Population
     1       3.94759832
     2       6.45795626
     3       0.69445562
     4       0.94873979
     5       0.97562501
     6       0.97562501
 
 l-shell populations (up)
  Atom Sh.   l       Population
     1   1   0       1.21733861
     1   2   1       2.73025970
     2   1   0       1.72892875
     2   2   1       4.72902751
     3   1   0       0.69445562
     4   1   0       0.94873979
     5   1   0       0.97562501
     6   1   0       0.97562501
 
 Orbital populations (up)
  Atom Sh.   l   m       Population
     1   1   0   0       1.21733861
     1   2   1  -1       0.90706616
     1   2   1   0       0.95972921
     1   2   1   1       0.86346433
     2   1   0   0       1.72892875
     2   2   1  -1       1.61647113
     2   2   1   0       1.96762082
     2   2   1   1       1.14493556
     3   1   0   0       0.69445562
     4   1   0   0       0.94873979
     5   1   0   0       0.97562501
     6   1   0   0       0.97562501
 
 Fermi energy:                      -0.1715062045 H           -4.6669 eV
 Band energy:                       -6.1079211453 H         -166.2050 eV
 TS:                                 0.0000000000 H            0.0000 eV
 Band free energy (E-TS):           -6.1079211453 H         -166.2050 eV
 Extrapolated E(0K):                -6.1079211453 H         -166.2050 eV
 Input/Output electrons (q):     14.00000000     14.00000000
 
 Energy H0:                         -6.6377247956 H         -180.6217 eV
 Energy SCC:                         0.0150725792 H            0.4101 eV
 Total Electronic energy:           -6.6226522164 H         -180.2115 eV
 Repulsive energy:                   0.0875652325 H            2.3828 eV
 Dispersion energy:                 -0.0000095460 H           -0.0003 eV
 Total energy:                      -6.5350965299 H         -177.8290 eV
 Total Mermin free energy:          -6.5350965299 H         -177.8290 eV
 
 SCC converged
 
 Full geometry written in geo_end.{xyz|gen}
 
 Total Forces
 -2.495083908858769E-009  2.730217463038269E-009 -2.299402938399946E-009
 -1.189269189898905E-009 -1.059112696055786E-008 -1.346674872756425E-009
  7.305324502556674E-009  4.882175792066415E-009  2.418116409653746E-009
 -1.826282474901697E-009  2.697854059350370E-009  1.111851855734285E-009
 -2.094624911695581E-009  1.800866359598409E-010 -6.275147556348179E-010
  2.999359511422947E-010  1.007930170819271E-010  7.436243150555020E-010
 
 Maximal derivative component:       0.105911E-07 au
 Max force for moved atoms::         0.105911E-07 au
 
 Dipole moment  :   -0.01753397   -0.57089964   -0.00000032 au
 Dipole moment  :   -0.04456691   -1.45108227   -0.00000081 Debye
 
 Geometry converged
 
