 Fermi distribution function
 
Geometry optimization step: 38628
 

********************************************************************************
  iSCC Total electronic   Diff electronic      SCC error    
    1   -0.66090860E+01    0.00000000E+00    0.18573614E-02
********************************************************************************
 
 Coordinates of moved atoms (au):
    1     -0.35308164     -0.33057644     -0.42105903
    2     -2.00850461      1.69246590      0.31483290
    3     -1.12457549      2.81178502      1.51746975
    4     -1.55400031     -1.64838017     -1.61081250
    5      1.36663755      0.45146564     -1.23283351
    6      0.19340994     -1.41183547      1.34249360
 

 Net atomic charges (e)
  Atom       Net charge
     1       0.04909417
     2      -0.46689389
     3       0.30313251
     4       0.05509298
     5       0.04352269
     6       0.01605153
 
 COMPONENT = q
  
 Eigenvalues /H
   -0.86261613
   -0.55191089
   -0.40218737
   -0.36026423
   -0.34791021
   -0.28061501
   -0.22971478
    0.26920805
    0.30647232
    0.37597385
    0.44805491
    0.50766794
 
 Eigenvalues /eV
  -23.47297922
  -15.01825950
  -10.94407522
   -9.80328848
   -9.46711853
   -7.63592297
   -6.25085714
    7.32552366
    8.33953620
   10.23076910
   12.19219440
   13.81434756
 
 Fillings
     2.00000
     2.00000
     2.00000
     2.00000
     2.00000
     2.00000
     2.00000
     0.00000
     0.00000
     0.00000
     0.00000
     0.00000
 
 Nr. of electrons (up):     14.00000000
 Atom populations (up)
  Atom       Population
     1       3.95090583
     2       6.46689389
     3       0.69686749
     4       0.94490702
     5       0.95647731
     6       0.98394847
 
 l-shell populations (up)
  Atom Sh.   l       Population
     1   1   0       1.22964898
     1   2   1       2.72125684
     2   1   0       1.73425479
     2   2   1       4.73263910
     3   1   0       0.69686749
     4   1   0       0.94490702
     5   1   0       0.95647731
     6   1   0       0.98394847
 
 Orbital populations (up)
  Atom Sh.   l   m       Population
     1   1   0   0       1.22964898
     1   2   1  -1       0.87081527
     1   2   1   0       0.96259278
     1   2   1   1       0.88784879
     2   1   0   0       1.73425479
     2   2   1  -1       1.39557180
     2   2   1   0       1.68970176
     2   2   1   1       1.64736554
     3   1   0   0       0.69686749
     4   1   0   0       0.94490702
     5   1   0   0       0.95647731
     6   1   0   0       0.98394847
 
 Fermi energy:                      -0.1774740947 H           -4.8293 eV
 Band energy:                       -6.0704372504 H         -165.1850 eV
 TS:                                 0.0000000000 H            0.0000 eV
 Band free energy (E-TS):           -6.0704372504 H         -165.1850 eV
 Extrapolated E(0K):                -6.0704372504 H         -165.1850 eV
 Input/Output electrons (q):     14.00000000     14.00000000
 
 Energy H0:                         -6.6250027726 H         -180.2755 eV
 Energy SCC:                         0.0159167881 H            0.4331 eV
 Total Electronic energy:           -6.6090859845 H         -179.8424 eV
 Repulsive energy:                   0.0778261489 H            2.1178 eV
 Dispersion energy:                 -0.0000103428 H           -0.0003 eV
 Total energy:                      -6.5312701784 H         -177.7249 eV
 Total Mermin free energy:          -6.5312701784 H         -177.7249 eV
 
